C51 COMPILER V9.59.0.0   MAIN                                                              12/28/2019 18:44:29 PAGE 1   


C51 COMPILER V9.59.0.0, COMPILATION OF MODULE MAIN
OBJECT MODULE PLACED IN .\Objects\main.obj
COMPILER INVOKED BY: D:\keil\C51\BIN\C51.EXE main.c OPTIMIZE(8,SPEED) BROWSE DEBUG OBJECTEXTEND PRINT(.\Listings\main.ls
                    -t) OBJECT(.\Objects\main.obj)

line level    source

   1          #include "Function_Init.h"
   2          
   3          bit TWIFlag = 0;          //中断标志位
   4          
   5          void beep(void){
   6   1          P1&=0xEF;
   7   1      }
   8          
   9          void beepStop(void){
  10   1          P1|=0x10;
  11   1      }
  12          
  13          void LED1_ON(){
  14   1          P0&=0xEF;
  15   1      }
  16          
  17          void LED1_OFF(){
  18   1          P0|=0x10;
  19   1      }
  20          
  21          void LED2_ON(){
  22   1          P5&=0xFD;
  23   1      }
  24          
  25          void LED2_OFF(){
  26   1          P5|=0x02;
  27   1      }
  28          
  29          void LED3_ON(){
  30   1          P1&=0x7F;
  31   1      }
  32          
  33          void LED3_OFF(){
  34   1          P1|=0x80;
  35   1      }
  36          
  37          void sysInit(){
  38   1          P0CON = 0xFF;
  39   1          P0PH  = 0xFF;       
  40   1          P1CON = 0xFF;
  41   1          P1PH  = 0xFF;
  42   1          P2CON = 0xFF;
  43   1          P2PH  = 0xFF;
  44   1          P5CON = 0xFF;
  45   1          P5PH  = 0xFF;
  46   1      
  47   1          P0 = 0xFF;
  48   1          P1 = 0xFF;
  49   1          P5 = 0xFF;  
  50   1              P2 = 0xFF;
  51   1          EA = 1;
  52   1          WDTCON |= 0x10;                 //清看门狗
  53   1              OPERCON = 0X01;         //CHKSUM运算
  54   1              _nop_();
C51 COMPILER V9.59.0.0   MAIN                                                              12/28/2019 18:44:29 PAGE 2   

  55   1      }
  56          
  57          /*****************************************************
  58          *函数名称：void TWI_Init(void)
  59          *函数功能：TWI初始化
  60          *入口参数：void
  61          *出口参数：void
  62          *****************************************************/
  63          void TWI_Init(void)
  64          {
  65   1              OTCON |= 0x80;  //选择TWI模式
  66   1              SSCON0 = 0x88;  // ---- x---  0为不允许接收，1为允许接收
  67   1              SSCON1 = 0x03;  //xxxx xxxy  x为地址寄存器，y为0禁止/1允许通用地址响应
  68   1          IE1 |= 0x01;
  69   1          SSDAT=0x22;
  70   1      }
  71          
  72          void TWI_Int() interrupt 7{
  73   1              if(SSCON0&0x40){
  74   2                      SSCON0 &= 0xbf;  //中断清零
  75   2      //        if(SSDAT==0x22)
  76   2      //           LED2_ON();
  77   2                      TWIFlag = 1;
  78   2              }       
  79   1      }
  80          
  81          void main(void){
  82   1          sysInit();
  83   1          TWI_Init();
  84   1          while(1){
  85   2      
  86   2              }
  87   1      }
  88          
  89          
  90          
  91          
  92          
  93          
  94          
  95          
  96          


MODULE INFORMATION:   STATIC OVERLAYABLE
   CODE SIZE        =    117    ----
   CONSTANT SIZE    =   ----    ----
   XDATA SIZE       =   ----    ----
   PDATA SIZE       =   ----    ----
   DATA SIZE        =   ----    ----
   IDATA SIZE       =   ----    ----
   BIT SIZE         =      1    ----
END OF MODULE INFORMATION.


C51 COMPILATION COMPLETE.  0 WARNING(S),  0 ERROR(S)
